2025-04-15 01:43:10,475 - INFO - Scraping started.
2025-04-15 01:43:11,609 - WARNING - No job posts found.
2025-04-15 01:45:31,764 - INFO - Starting the scraping process.
2025-04-15 01:45:36,902 - WARNING - No job postings found on the page.
2025-04-15 01:46:52,619 - INFO - Starting the scraping process.
2025-04-15 01:46:59,589 - WARNING - No job postings found on the page.
2025-04-15 01:49:48,012 - WARNING - No job postings found.
2025-04-15 01:50:15,082 - WARNING - No job postings found.
2025-04-15 01:51:17,049:INFO:Scraping started.
2025-04-15 01:51:18,760:WARNING:No job postings found.
2025-04-15 01:51:18,761:INFO:Scraping finished.
2025-04-15 01:51:27,984:INFO:Scraping started.
2025-04-15 01:51:30,444:WARNING:No job postings found.
2025-04-15 01:51:30,446:INFO:Scraping finished.
2025-04-15 01:52:36,152 - WARNING - No job postings found.
2025-04-15 01:52:51,881 - WARNING - No job postings found.
2025-04-15 01:53:45,356 - INFO - Starting job scraping.
2025-04-15 01:53:46,787 - WARNING - No job postings found.
2025-04-15 01:53:46,789 - WARNING - No jobs to save.
2025-04-15 01:55:16,810 - INFO - Starting job scraping process...
2025-04-15 01:55:18,146 - WARNING - No job postings found on the page.
2025-04-15 01:55:18,147 - WARNING - No jobs found to display or save.
2025-04-15 02:00:06,585 - INFO - Starting job scraping process...
2025-04-15 02:00:15,379 - WARNING - No job postings found on the page.
2025-04-15 02:00:15,380 - WARNING - No jobs found to display or save.
